nohup: ignoring input
/home/yashmakwana40/.local/lib/python3.12/site-packages/google/cloud/aiplatform/models.py:52: FutureWarning: Support for google-cloud-storage < 3.0.0 will be removed in a future version of google-cloud-aiplatform. Please upgrade to google-cloud-storage >= 3.0.0.
  from google.cloud.aiplatform.utils import gcs_utils
🔧 Configuration:
   Project: iposakhi
   Upload Bucket: iposakhi-uploads
🚀 Starting IPO Compliance API (FIXED)
📦 Bucket: iposakhi-uploads
 * Serving Flask app 'main'
 * Debug mode: on
[31m[1mWARNING: This is a development server. Do not use it in a production deployment. Use a production WSGI server instead.[0m
 * Running on all addresses (0.0.0.0)
 * Running on http://127.0.0.1:8080
 * Running on http://10.88.0.4:8080
[33mPress CTRL+C to quit[0m
 * Restarting with stat
/home/yashmakwana40/.local/lib/python3.12/site-packages/google/cloud/aiplatform/models.py:52: FutureWarning: Support for google-cloud-storage < 3.0.0 will be removed in a future version of google-cloud-aiplatform. Please upgrade to google-cloud-storage >= 3.0.0.
  from google.cloud.aiplatform.utils import gcs_utils
 * Debugger is active!
 * Debugger PIN: 263-549-730
127.0.0.1 - - [06/Dec/2025 07:57:36] "GET /api/health HTTP/1.1" 200 -
